This is pdfTeX, Version 3.14159265-2.6-1.40.17 (MiKTeX 2.9) (preloaded format=pdflatex 2016.8.22)  28 OCT 2016 20:59
entering extended mode
**./EC588PS6.tex
(EC588PS6.tex
LaTeX2e <2016/03/31> patch level 3
Babel <3.9r> and hyphenation patterns for 75 language(s) loaded.
(D:\Programs\LaTeX\tex\latex\base\article.cls
Document Class: article 2014/09/29 v1.4h Standard LaTeX document class
(D:\Programs\LaTeX\tex\latex\base\size12.clo
File: size12.clo 2014/09/29 v1.4h Standard LaTeX file (size option)
)
\c@part=\count79
\c@section=\count80
\c@subsection=\count81
\c@subsubsection=\count82
\c@paragraph=\count83
\c@subparagraph=\count84
\c@figure=\count85
\c@table=\count86
\abovecaptionskip=\skip41
\belowcaptionskip=\skip42
\bibindent=\dimen102
)
(D:\Programs\LaTeX\tex\latex\float\float.sty
Package: float 2001/11/08 v1.3d Float enhancements (AL)
\c@float@type=\count87
\float@exts=\toks14
\float@box=\box26
\@float@everytoks=\toks15
\@floatcapt=\box27
)
(D:\Programs\LaTeX\tex\latex\amsfonts\amssymb.sty
Package: amssymb 2013/01/14 v3.01 AMS font symbols

(D:\Programs\LaTeX\tex\latex\amsfonts\amsfonts.sty
Package: amsfonts 2013/01/14 v3.01 Basic AMSFonts support
\@emptytoks=\toks16
\symAMSa=\mathgroup4
\symAMSb=\mathgroup5
LaTeX Font Info:    Overwriting math alphabet `\mathfrak' in version `bold'
(Font)                  U/euf/m/n --> U/euf/b/n on input line 106.
))
(D:\Programs\LaTeX\tex\latex\amsmath\amsmath.sty
Package: amsmath 2016/06/28 v2.15d AMS math features
\@mathmargin=\skip43

For additional information on amsmath, use the `?' option.
(D:\Programs\LaTeX\tex\latex\amsmath\amstext.sty
Package: amstext 2000/06/29 v2.01 AMS text

(D:\Programs\LaTeX\tex\latex\amsmath\amsgen.sty
File: amsgen.sty 1999/11/30 v2.0 generic functions
\@emptytoks=\toks17
\ex@=\dimen103
))
(D:\Programs\LaTeX\tex\latex\amsmath\amsbsy.sty
Package: amsbsy 1999/11/29 v1.2d Bold Symbols
\pmbraise@=\dimen104
)
(D:\Programs\LaTeX\tex\latex\amsmath\amsopn.sty
Package: amsopn 2016/03/08 v2.02 operator names
)
\inf@bad=\count88
LaTeX Info: Redefining \frac on input line 199.
\uproot@=\count89
\leftroot@=\count90
LaTeX Info: Redefining \overline on input line 297.
\classnum@=\count91
\DOTSCASE@=\count92
LaTeX Info: Redefining \ldots on input line 394.
LaTeX Info: Redefining \dots on input line 397.
LaTeX Info: Redefining \cdots on input line 518.
\Mathstrutbox@=\box28
\strutbox@=\box29
\big@size=\dimen105
LaTeX Font Info:    Redeclaring font encoding OML on input line 634.
LaTeX Font Info:    Redeclaring font encoding OMS on input line 635.
\macc@depth=\count93
\c@MaxMatrixCols=\count94
\dotsspace@=\muskip10
\c@parentequation=\count95
\dspbrk@lvl=\count96
\tag@help=\toks18
\row@=\count97
\column@=\count98
\maxfields@=\count99
\andhelp@=\toks19
\eqnshift@=\dimen106
\alignsep@=\dimen107
\tagshift@=\dimen108
\tagwidth@=\dimen109
\totwidth@=\dimen110
\lineht@=\dimen111
\@envbody=\toks20
\multlinegap=\skip44
\multlinetaggap=\skip45
\mathdisplay@stack=\toks21
LaTeX Info: Redefining \[ on input line 2739.
LaTeX Info: Redefining \] on input line 2740.
)
(D:\Programs\LaTeX\tex\latex\graphics\graphicx.sty
Package: graphicx 2014/10/28 v1.0g Enhanced LaTeX Graphics (DPC,SPQR)

(D:\Programs\LaTeX\tex\latex\graphics\keyval.sty
Package: keyval 2014/10/28 v1.15 key=value parser (DPC)
\KV@toks@=\toks22
)
(D:\Programs\LaTeX\tex\latex\graphics\graphics.sty
Package: graphics 2016/07/10 v1.0t Standard LaTeX Graphics (DPC,SPQR)

(D:\Programs\LaTeX\tex\latex\graphics\trig.sty
Package: trig 2016/01/03 v1.10 sin cos tan (DPC)
)
(D:\Programs\LaTeX\tex\latex\00miktex\graphics.cfg
File: graphics.cfg 2016/06/04 v1.11 sample graphics configuration
)
Package graphics Info: Driver file: pdftex.def on input line 99.

(D:\Programs\LaTeX\tex\latex\graphics-def\pdftex.def
File: pdftex.def 2016/07/10 v0.06j Graphics/color for pdfTeX

(D:\Programs\LaTeX\tex\generic\oberdiek\infwarerr.sty
Package: infwarerr 2016/05/16 v1.4 Providing info/warning/error messages (HO)
)
(D:\Programs\LaTeX\tex\generic\oberdiek\ltxcmds.sty
Package: ltxcmds 2016/05/16 v1.23 LaTeX kernel commands for general use (HO)
)
\Gread@gobject=\count100
))
\Gin@req@height=\dimen112
\Gin@req@width=\dimen113
)
(D:\Programs\LaTeX\tex\latex\oberdiek\epstopdf.sty
Package: epstopdf 2016/05/15 v2.6 Conversion with epstopdf on the fly (HO)

(D:\Programs\LaTeX\tex\latex\oberdiek\epstopdf-base.sty
Package: epstopdf-base 2016/05/15 v2.6 Base part for package epstopdf

(D:\Programs\LaTeX\tex\latex\oberdiek\grfext.sty
Package: grfext 2016/05/16 v1.2 Manage graphics extensions (HO)

(D:\Programs\LaTeX\tex\generic\oberdiek\kvdefinekeys.sty
Package: kvdefinekeys 2016/05/16 v1.4 Define keys (HO)
))
(D:\Programs\LaTeX\tex\latex\oberdiek\kvoptions.sty
Package: kvoptions 2016/05/16 v3.12 Key value format for package options (HO)

(D:\Programs\LaTeX\tex\generic\oberdiek\kvsetkeys.sty
Package: kvsetkeys 2016/05/16 v1.17 Key value parser (HO)

(D:\Programs\LaTeX\tex\generic\oberdiek\etexcmds.sty
Package: etexcmds 2016/05/16 v1.6 Avoid name clashes with e-TeX commands (HO)

(D:\Programs\LaTeX\tex\generic\oberdiek\ifluatex.sty
Package: ifluatex 2016/05/16 v1.4 Provides the ifluatex switch (HO)
Package ifluatex Info: LuaTeX not detected.
)
Package etexcmds Info: Could not find \expanded.
(etexcmds)             That can mean that you are not using pdfTeX 1.50 or
(etexcmds)             that some package has redefined \expanded.
(etexcmds)             In the latter case, load this package earlier.
)))
(D:\Programs\LaTeX\tex\generic\oberdiek\pdftexcmds.sty
Package: pdftexcmds 2016/05/21 v0.22 Utility functions of pdfTeX for LuaTeX (HO
)

(D:\Programs\LaTeX\tex\generic\oberdiek\ifpdf.sty
Package: ifpdf 2016/05/14 v3.1 Provides the ifpdf switch
)
Package pdftexcmds Info: LuaTeX not detected.
Package pdftexcmds Info: \pdf@primitive is available.
Package pdftexcmds Info: \pdf@ifprimitive is available.
Package pdftexcmds Info: \pdfdraftmode found.
)
Package epstopdf-base Info: Redefining graphics rule for `.eps' on input line 4
38.
Package grfext Info: Graphics extension search list:
(grfext)             [.png,.pdf,.jpg,.mps,.jpeg,.jbig2,.jb2,.PNG,.PDF,.JPG,.JPE
G,.JBIG2,.JB2,.eps]
(grfext)             \AppendGraphicsExtensions on input line 456.
))
(D:\Programs\LaTeX\tex\latex\tools\theorem.sty
Package: theorem 2014/10/28 v2.2c Theorem extension package (FMi)
\theorem@style=\toks23
\theorem@bodyfont=\toks24
\theorempreskipamount=\skip46
\theorempostskipamount=\skip47

(D:\Programs\LaTeX\tex\latex\tools\thp.sty
File: thp.sty 2014/10/28 v2.2c Theorem extension package (FMi)
))
(D:\Programs\LaTeX\tex\latex\setspace\setspace.sty
Package: setspace 2011/12/19 v6.7a set line spacing
)
\c@theorem=\count101
\c@corollary=\count102
\c@definition=\count103
\c@lemma=\count104
\c@proposition=\count105
 (EC588PS6.aux)
\openout1 = `EC588PS6.aux'.

LaTeX Font Info:    Checking defaults for OML/cmm/m/it on input line 41.
LaTeX Font Info:    ... okay on input line 41.
LaTeX Font Info:    Checking defaults for T1/cmr/m/n on input line 41.
LaTeX Font Info:    ... okay on input line 41.
LaTeX Font Info:    Checking defaults for OT1/cmr/m/n on input line 41.
LaTeX Font Info:    ... okay on input line 41.
LaTeX Font Info:    Checking defaults for OMS/cmsy/m/n on input line 41.
LaTeX Font Info:    ... okay on input line 41.
LaTeX Font Info:    Checking defaults for OMX/cmex/m/n on input line 41.
LaTeX Font Info:    ... okay on input line 41.
LaTeX Font Info:    Checking defaults for U/cmr/m/n on input line 41.
LaTeX Font Info:    ... okay on input line 41.

(D:\Programs\LaTeX\tex\context\base\supp-pdf.mkii
[Loading MPS to PDF converter (version 2006.09.02).]
\scratchcounter=\count106
\scratchdimen=\dimen114
\scratchbox=\box30
\nofMPsegments=\count107
\nofMParguments=\count108
\everyMPshowfont=\toks25
\MPscratchCnt=\count109
\MPscratchDim=\dimen115
\MPnumerator=\count110
\makeMPintoPDFobject=\count111
\everyMPtoPDFconversion=\toks26
)
LaTeX Font Info:    Try loading font information for U+msa on input line 61.
 (D:\Programs\LaTeX\tex\latex\amsfonts\umsa.fd
File: umsa.fd 2013/01/14 v3.01 AMS symbols A
)
LaTeX Font Info:    Try loading font information for U+msb on input line 61.

(D:\Programs\LaTeX\tex\latex\amsfonts\umsb.fd
File: umsb.fd 2013/01/14 v3.01 AMS symbols B
)
Underfull \hbox (badness 10000) in paragraph at lines 67--69

 []

[1

{C:/ProgramData/MiKTeX/2.9/pdftex/config/pdftex.map}]
LaTeX Font Info:    Try loading font information for OMS+cmr on input line 83.

(D:\Programs\LaTeX\tex\latex\base\omscmr.fd
File: omscmr.fd 2014/09/29 v2.5h Standard LaTeX font definitions
)
LaTeX Font Info:    Font shape `OMS/cmr/m/n' in size <12> not available
(Font)              Font shape `OMS/cmsy/m/n' tried instead on input line 83.
 [2] [3]
Package epstopdf Info: Source file: <assetchoice.eps>
(epstopdf)                    date: 2015-05-20 13:56:00
(epstopdf)                    size: 16846 bytes
(epstopdf)             Output file: <assetchoice-eps-converted-to.pdf>
(epstopdf)                    date: 2015-05-20 16:27:20
(epstopdf)                    size: 10485 bytes
(epstopdf)             Command: <epstopdf --outfile=assetchoice-eps-converted-t
o.pdf assetchoice.eps>
(epstopdf)             \includegraphics on input line 118.
Package epstopdf Info: Output file is already uptodate.

<assetchoice-eps-converted-to.pdf, id=25, 420.57124pt x 316.18124pt>
File: assetchoice-eps-converted-to.pdf Graphic file (type pdf)

<use assetchoice-eps-converted-to.pdf>
Package pdftex.def Info: assetchoice-eps-converted-to.pdf used on input line 11
8.
(pdftex.def)             Requested size: 420.57022pt x 316.18047pt.
Package epstopdf Info: Source file: <valuefnc.eps>
(epstopdf)                    date: 2015-05-20 17:17:48
(epstopdf)                    size: 17149 bytes
(epstopdf)             Output file: <valuefnc-eps-converted-to.pdf>
(epstopdf)                    date: 2015-05-20 17:20:08
(epstopdf)                    size: 10525 bytes
(epstopdf)             Command: <epstopdf --outfile=valuefnc-eps-converted-to.p
df valuefnc.eps>
(epstopdf)             \includegraphics on input line 127.
Package epstopdf Info: Output file is already uptodate.

<valuefnc-eps-converted-to.pdf, id=26, 420.57124pt x 316.18124pt>
File: valuefnc-eps-converted-to.pdf Graphic file (type pdf)

<use valuefnc-eps-converted-to.pdf>
Package pdftex.def Info: valuefnc-eps-converted-to.pdf used on input line 127.
(pdftex.def)             Requested size: 420.57022pt x 316.18047pt.
 [4 <./assetchoice-eps-converted-to.pdf>]

LaTeX Warning: File `stadist.eps' not found on input line 136.

Package epstopdf Info: Source file: <stadist.eps>
(epstopdf)             Output file: <stadist-eps-converted-to.pdf>
(epstopdf)                    date: 2015-05-20 17:21:00
(epstopdf)                    size: 7937 bytes
(epstopdf)             Command: <epstopdf --outfile=stadist-eps-converted-to.pd
f stadist.eps>
(epstopdf)             \includegraphics on input line 136.
Package epstopdf Info: Output file is already uptodate.
<stadist-eps-converted-to.pdf, id=35, 420.57124pt x 316.18124pt>
File: stadist-eps-converted-to.pdf Graphic file (type pdf)

<use stadist-eps-converted-to.pdf>
Package pdftex.def Info: stadist-eps-converted-to.pdf used on input line 136.
(pdftex.def)             Requested size: 420.57022pt x 316.18047pt.
 [5 <./valuefnc-eps-converted-to.pdf>]
Package epstopdf Info: Source file: <gini.eps>
(epstopdf)                    date: 2015-05-20 17:23:40
(epstopdf)                    size: 38153 bytes
(epstopdf)             Output file: <gini-eps-converted-to.pdf>
(epstopdf)                    date: 2015-05-20 17:23:54
(epstopdf)                    size: 7459 bytes
(epstopdf)             Command: <epstopdf --outfile=gini-eps-converted-to.pdf g
ini.eps>
(epstopdf)             \includegraphics on input line 160.
Package epstopdf Info: Output file is already uptodate.

<gini-eps-converted-to.pdf, id=44, 420.57124pt x 316.18124pt>
File: gini-eps-converted-to.pdf Graphic file (type pdf)

<use gini-eps-converted-to.pdf>
Package pdftex.def Info: gini-eps-converted-to.pdf used on input line 160.
(pdftex.def)             Requested size: 420.57022pt x 316.18047pt.
 [6 <./stadist-eps-converted-to.pdf>] [7 <./gini-eps-converted-to.pdf>] [8] [9]
 (EC588PS6.aux) ) 
Here is how much of TeX's memory you used:
 2645 strings out of 493334
 34043 string characters out of 3143579
 95057 words of memory out of 3000000
 6126 multiletter control sequences out of 15000+200000
 13389 words of font info for 52 fonts, out of 3000000 for 9000
 1141 hyphenation exceptions out of 8191
 42i,13n,26p,753b,221s stack positions out of 5000i,500n,10000p,200000b,50000s
<D:/Programs/LaTeX/fonts/type1/public/amsfonts/cm/cmbx12.pfb><
D:/Programs/LaTeX/fonts/type1/public/amsfonts/cm/cmex10.pfb><D:/Programs/LaTeX/
fonts/type1/public/amsfonts/cm/cmmi10.pfb><D:/Programs/LaTeX/fonts/type1/public
/amsfonts/cm/cmmi12.pfb><D:/Programs/LaTeX/fonts/type1/public/amsfonts/cm/cmmi6
.pfb><D:/Programs/LaTeX/fonts/type1/public/amsfonts/cm/cmmi8.pfb><D:/Programs/L
aTeX/fonts/type1/public/amsfonts/cm/cmr10.pfb><D:/Programs/LaTeX/fonts/type1/pu
blic/amsfonts/cm/cmr12.pfb><D:/Programs/LaTeX/fonts/type1/public/amsfonts/cm/cm
r17.pfb><D:/Programs/LaTeX/fonts/type1/public/amsfonts/cm/cmr6.pfb><D:/Programs
/LaTeX/fonts/type1/public/amsfonts/cm/cmr7.pfb><D:/Programs/LaTeX/fonts/type1/p
ublic/amsfonts/cm/cmr8.pfb><D:/Programs/LaTeX/fonts/type1/public/amsfonts/cm/cm
sy10.pfb><D:/Programs/LaTeX/fonts/type1/public/amsfonts/cm/cmsy6.pfb><D:/Progra
ms/LaTeX/fonts/type1/public/amsfonts/cm/cmsy7.pfb><D:/Programs/LaTeX/fonts/type
1/public/amsfonts/cm/cmsy8.pfb><D:/Programs/LaTeX/fonts/type1/public/amsfonts/c
m/cmti12.pfb>
Output written on EC588PS6.pdf (9 pages, 225101 bytes).
PDF statistics:
 120 PDF objects out of 1000 (max. 8388607)
 0 named destinations out of 1000 (max. 500000)
 21 words of extra memory for PDF output out of 10000 (max. 10000000)

